c:\users\shutong\desktop\amplification_dll\debug\amplification_dll.lib
c:\users\shutong\desktop\amplification_dll\debug\amplification_dll.exp
c:\users\shutong\desktop\amplification_dll\debug\amplification_dll.pch
c:\users\shutong\desktop\amplification_dll\debug\vc142.pdb
c:\users\shutong\desktop\amplification_dll\debug\vc142.idb
c:\users\shutong\desktop\amplification_dll\debug\pch.obj
c:\users\shutong\desktop\amplification_dll\debug\amplification_dll.obj
c:\users\shutong\desktop\amplification_dll\debug\amplificationdlg.obj
c:\users\shutong\desktop\amplification_dll\debug\amplification_dll.ilk
c:\users\shutong\desktop\amplification_dll\debug\amplification_dll.dll
c:\users\shutong\desktop\amplification_dll\debug\amplification_dll.pdb
c:\users\shutong\desktop\amplification_dll\debug\amplification_dll.res
c:\users\shutong\desktop\amplification_dll\debug\amplific.74747da2.tlog\amplification_dll.write.1u.tlog
c:\users\shutong\desktop\amplification_dll\debug\amplific.74747da2.tlog\cl.command.1.tlog
c:\users\shutong\desktop\amplification_dll\debug\amplific.74747da2.tlog\cl.read.1.tlog
c:\users\shutong\desktop\amplification_dll\debug\amplific.74747da2.tlog\cl.write.1.tlog
c:\users\shutong\desktop\amplification_dll\debug\amplific.74747da2.tlog\link.command.1.tlog
c:\users\shutong\desktop\amplification_dll\debug\amplific.74747da2.tlog\link.read.1.tlog
c:\users\shutong\desktop\amplification_dll\debug\amplific.74747da2.tlog\link.write.1.tlog
c:\users\shutong\desktop\amplification_dll\debug\amplific.74747da2.tlog\rc.command.1.tlog
c:\users\shutong\desktop\amplification_dll\debug\amplific.74747da2.tlog\rc.read.1.tlog
c:\users\shutong\desktop\amplification_dll\debug\amplific.74747da2.tlog\rc.write.1.tlog
